\BOOKMARK [1][-]{section.1}{\376\377\176\374\217\360}{}% 1
\BOOKMARK [2][-]{subsection.1.1}{\376\377\116\135\147\010\176\374\217\360}{section.1}% 2
\BOOKMARK [2][-]{subsection.1.2}{\376\377\123\101\147\010\176\374\217\360}{section.1}% 3
\BOOKMARK [2][-]{subsection.1.3}{\376\377\123\101\116\000\147\010\176\374\217\360}{section.1}% 4
\BOOKMARK [1][-]{section.2}{\376\377\173\227\154\325\116\313\176\315}{}% 5
\BOOKMARK [2][-]{subsection.2.1}{\376\377\150\106\147\266\116\343\170\001\122\006\147\220}{section.2}% 6
\BOOKMARK [3][-]{subsubsection.2.1.1}{\376\377\000c\000g\000\137\000a\000l\000g\000o\000r\000i\000t\000h\000m\000.\000p\000y}{subsection.2.1}% 7
\BOOKMARK [3][-]{subsubsection.2.1.2}{\376\377\000c\000g\000\137\000c\000l\000i\000.\000p\000y}{subsection.2.1}% 8
\BOOKMARK [3][-]{subsubsection.2.1.3}{\376\377\000c\000g\000\137\000G\000U\000I\000.\000p\000y}{subsection.2.1}% 9
\BOOKMARK [2][-]{subsection.2.2}{\376\377\166\364\176\277\176\330\122\066\173\227\154\325}{section.2}% 10
\BOOKMARK [3][-]{subsubsection.2.2.1}{\376\377\000N\000a\000i\000v\000e}{subsection.2.2}% 11
\BOOKMARK [3][-]{subsubsection.2.2.2}{\376\377\000D\000D\000A}{subsection.2.2}% 12
\BOOKMARK [3][-]{subsubsection.2.2.3}{\376\377\000B\000r\000e\000s\000e\000n\000h\000a\000m}{subsection.2.2}% 13
\BOOKMARK [2][-]{subsection.2.3}{\376\377\131\032\217\271\137\142\176\330\122\066\173\227\154\325}{section.2}% 14
\BOOKMARK [2][-]{subsection.2.4}{\376\377\116\055\160\271\127\006\176\330\122\066\173\227\154\325}{section.2}% 15
\BOOKMARK [2][-]{subsection.2.5}{\376\377\173\227\154\325\153\143\170\156\140\047\150\300\147\345\152\041\127\127}{section.2}% 16
\BOOKMARK [3][-]{subsubsection.2.5.1}{\376\377\126\376\162\107\213\373\123\326}{subsection.2.5}% 17
\BOOKMARK [3][-]{subsubsection.2.5.2}{\376\377\150\041\232\214\173\227\154\325}{subsection.2.5}% 18
\BOOKMARK [2][-]{subsection.2.6}{\376\377\000G\000U\000I\122\237\200\375\122\240\137\072}{section.2}% 19
\BOOKMARK [2][-]{subsection.2.7}{\376\377\146\362\176\277\166\204\123\302\145\160\123\026\210\150\171\072}{section.2}% 20
\BOOKMARK [2][-]{subsection.2.8}{\376\377\000B\000e\000z\000i\000e\000r\146\362\176\277\176\330\122\066\173\227\154\325}{section.2}% 21
\BOOKMARK [2][-]{subsection.2.9}{\376\377\000B\000-\000s\000p\000l\000i\000n\000e\146\362\176\277\176\330\122\066\173\227\154\325}{section.2}% 22
\BOOKMARK [2][-]{subsection.2.10}{\376\377\126\376\121\103\136\163\171\373\173\227\154\325}{section.2}% 23
\BOOKMARK [2][-]{subsection.2.11}{\376\377\126\376\121\103\145\313\217\154\173\227\154\325}{section.2}% 24
\BOOKMARK [2][-]{subsection.2.12}{\376\377\126\376\121\103\177\051\145\076\173\227\154\325}{section.2}% 25
\BOOKMARK [2][-]{subsection.2.13}{\376\377\126\376\121\103\210\301\122\152\173\227\154\325}{section.2}% 26
\BOOKMARK [3][-]{subsubsection.2.13.1}{\376\377\000C\000o\000h\000e\000n\000-\000S\000u\000t\000h\000e\000r\000l\000a\000n\000d\173\227\154\325}{subsection.2.13}% 27
\BOOKMARK [3][-]{subsubsection.2.13.2}{\376\377\150\201\123\313\150\013\000-\000B\000a\000r\000s\000k\000y\173\227\154\325}{subsection.2.13}% 28
\BOOKMARK [2][-]{subsection.2.14}{\376\377\000G\000U\000I\150\106\147\266\122\006\147\220}{section.2}% 29
\BOOKMARK [3][-]{subsubsection.2.14.1}{\376\377\121\167\117\123\121\375\145\160\122\006\147\220}{subsection.2.14}% 30
\BOOKMARK [3][-]{subsubsection.2.14.2}{\376\377\000M\000y\000C\000a\000n\000v\000a\000s}{subsection.2.14}% 31
\BOOKMARK [3][-]{subsubsection.2.14.3}{\376\377\000M\000y\000I\000t\000e\000m}{subsection.2.14}% 32
\BOOKMARK [3][-]{subsubsection.2.14.4}{\376\377\000M\000a\000i\000n\000W\000i\000n\000d\000o\000w}{subsection.2.14}% 33
\BOOKMARK [2][-]{subsection.2.15}{\376\377\176\330\122\066\166\364\176\277}{section.2}% 34
\BOOKMARK [2][-]{subsection.2.16}{\376\377\176\330\122\066\151\055\127\006}{section.2}% 35
\BOOKMARK [2][-]{subsection.2.17}{\376\377\176\330\122\066\131\032\217\271\137\142}{section.2}% 36
\BOOKMARK [2][-]{subsection.2.18}{\376\377\165\073\173\024\213\276\177\156}{section.2}% 37
\BOOKMARK [2][-]{subsection.2.19}{\376\377\117\335\133\130\126\376\121\103}{section.2}% 38
\BOOKMARK [2][-]{subsection.2.20}{\376\377\000B\000U\000G\117\356\131\015}{section.2}% 39
\BOOKMARK [3][-]{subsubsection.2.20.1}{\376\377\146\362\176\277\176\330\122\066\173\227\154\325\000B\000U\000G}{subsection.2.20}% 40
\BOOKMARK [1][-]{section.3}{\376\377\174\373\176\337\116\313\176\315}{}% 41
\BOOKMARK [1][-]{section.4}{\376\377\140\073\176\323}{}% 42
\BOOKMARK [2][-]{subsection.4.1}{\376\377\116\135\147\010\140\073\176\323}{section.4}% 43
\BOOKMARK [2][-]{subsection.4.2}{\376\377\123\101\147\010\140\073\176\323}{section.4}% 44
\BOOKMARK [2][-]{subsection.4.3}{\376\377\123\101\116\000\147\010\140\073\176\323}{section.4}% 45
